


ARM Macro Assembler    Page 1 


    1 00000000         ;/******************************************************
                       ***********************/
    2 00000000         ; OSasm.s: low-level OS commands, written in assembly   
                                           */
    3 00000000         ; Runs on LM4F120/TM4C123/MSP432
    4 00000000         ; Lab 2 starter file
    5 00000000         ; February 10, 2016
    6 00000000         ;
    7 00000000         
    8 00000000         
    9 00000000                 AREA             |.text|, CODE, READONLY, ALIGN=
2
   10 00000000                 THUMB
   11 00000000                 REQUIRE8
   12 00000000                 PRESERVE8
   13 00000000         
   14 00000000                 EXTERN           RunPt       ; currently running
                                                             thread
   15 00000000                 EXPORT           StartOS
   16 00000000                 EXPORT           SysTick_Handler
   17 00000000                 IMPORT           Scheduler
   18 00000000         
   19 00000000         
   20 00000000         SysTick_Handler
   21 00000000 B672            CPSID            I
   22 00000002 E92D 0FF0       PUSH             {R4-R11}
   23 00000006 4810            LDR              R0, =RunPt
   24 00000008 6801            LDR              R1, [R0]
   25 0000000A F8C1 D000       STR              SP, [R1]
   26 0000000E B501            PUSH             {R0,LR}
   27 00000010 F7FF FFFE       BL               Scheduler
   28 00000014 E8BD 4001       POP              {R0,LR}
   29 00000018 480B            LDR              R0, =RunPt
   30 0000001A         ;STR     R1, [R0]  Old Bennett
   31 0000001A 6801            LDR              R1, [R0]
   32 0000001C F8D1 D000       LDR              SP, [R1]
   33 00000020 E8BD 0FF0       POP              {R4-R11}
   34 00000024 B662            CPSIE            I
   35 00000026 4770            BX               LR
   36 00000028         
   37 00000028         StartOS
   38 00000028 4807            LDR              R0, =RunPt
   39 0000002A 6801            LDR              R1, [R0]
   40 0000002C F8D1 D000       LDR              SP, [R1]
   41 00000030 E8BD 0FF0       POP              {R4-R11}
   42 00000034 BC0F            POP              {R0-R3}
   43 00000036 F85D CB04       POP              {R12}
   44 0000003A B001            ADD              SP,SP,#4
   45 0000003C F85D EB04       POP              {LR}
   46 00000040 B001            ADD              SP,SP,#4
   47 00000042 B662            CPSIE            I           ; Enable interrupts
                                                             at processor level
                                                            
   48 00000044 4770            BX               LR          ; start first threa
                                                            d
   49 00000046         
   50 00000046 00 00           ALIGN
   51 00000048                 END
              00000000 



ARM Macro Assembler    Page 2 


Command Line: --debug --xref --diag_suppress=9931 --cpu=Cortex-M4 --apcs=interw
ork --depend=.\objects\osasm.d -o.\objects\osasm.o -I.\RTE\_Target -IC:\Users\j
esus\AppData\Local\Arm\Packs\ARM\CMSIS\5.6.0\CMSIS\Core\Include -IC:\Users\jesu
s\AppData\Local\Arm\Packs\Keil\TM4C_DFP\1.1.0\Device\Include\TM4C123 --predefin
e="__EVAL SETA 1" --predefine="__UVISION_VERSION SETA 541" --predefine="TM4C123
GH6PM SETA 1" --predefine="_RTE_ SETA 1" --list=.\listings\osasm.lst osasm.s



ARM Macro Assembler    Page 1 Alphabetic symbol ordering
Relocatable symbols

.text 00000000

Symbol: .text
   Definitions
      At line 9 in file osasm.s
   Uses
      None
Comment: .text unused
StartOS 00000028

Symbol: StartOS
   Definitions
      At line 37 in file osasm.s
   Uses
      At line 15 in file osasm.s
Comment: StartOS used once
SysTick_Handler 00000000

Symbol: SysTick_Handler
   Definitions
      At line 20 in file osasm.s
   Uses
      At line 16 in file osasm.s
Comment: SysTick_Handler used once
3 symbols



ARM Macro Assembler    Page 1 Alphabetic symbol ordering
External symbols

RunPt 00000000

Symbol: RunPt
   Definitions
      At line 14 in file osasm.s
   Uses
      At line 23 in file osasm.s
      At line 29 in file osasm.s
      At line 38 in file osasm.s

Scheduler 00000000

Symbol: Scheduler
   Definitions
      At line 17 in file osasm.s
   Uses
      At line 27 in file osasm.s
Comment: Scheduler used once
2 symbols
341 symbols in table
